<?xml version="1.0" encoding="UTF-8"?>
<testng-results ignored="0" total="9" passed="8" failed="1" skipped="0">
  <reporter-output>
  </reporter-output>
  <suite started-at="2024-03-12T17:56:41 IST" name="Suite" finished-at="2024-03-12T17:56:41 IST" duration-ms="134">
    <groups>
      <group name="Regression">
        <method signature="Basic2.test13()[pri:0, instance:testng.Basic2@3c46e67a]" name="test13" class="testng.Basic2"/>
      </group> <!-- Regression -->
      <group name="Smoke">
        <method signature="Advanced.test11()[pri:0, instance:testng.Advanced@49139829]" name="test11" class="testng.Advanced"/>
        <method signature="Basics.test09()[pri:0, instance:testng.Basics@3c19aaa5]" name="test09" class="testng.Basics"/>
      </group> <!-- Smoke -->
    </groups>
    <test started-at="2024-03-12T17:56:41 IST" name="Test" finished-at="2024-03-12T17:56:41 IST" duration-ms="83">
      <class name="testng.Advanced">
        <test-method signature="test11()[pri:0, instance:testng.Advanced@49139829]" started-at="2024-03-12T17:56:41 IST" name="test11" finished-at="2024-03-12T17:56:41 IST" duration-ms="15" status="PASS">
          <reporter-output>
          </reporter-output>
        </test-method> <!-- test11 -->
      </class> <!-- testng.Advanced -->
      <class name="testng.Basics">
        <test-method signature="test09()[pri:0, instance:testng.Basics@3c19aaa5]" started-at="2024-03-12T17:56:41 IST" name="test09" finished-at="2024-03-12T17:56:41 IST" duration-ms="15" status="PASS">
          <reporter-output>
          </reporter-output>
        </test-method> <!-- test09 -->
      </class> <!-- testng.Basics -->
    </test> <!-- Test -->
    <test started-at="2024-03-12T17:56:41 IST" name="Test2" finished-at="2024-03-12T17:56:41 IST" duration-ms="134">
      <class name="testng.Basic2">
        <test-method signature="daata(java.lang.String,java.lang.String)[pri:0, instance:testng.Basic2@3c46e67a]" started-at="2024-03-12T17:56:41 IST" name="daata" data-provider="data" finished-at="2024-03-12T17:56:41 IST" duration-ms="17" status="PASS">
          <params>
            <param index="0">
              <value>
                <![CDATA[user1]]>
              </value>
            </param>
            <param index="1">
              <value>
                <![CDATA[passw1]]>
              </value>
            </param>
          </params>
          <reporter-output>
          </reporter-output>
        </test-method> <!-- daata -->
        <test-method signature="daata(java.lang.String,java.lang.String)[pri:0, instance:testng.Basic2@3c46e67a]" started-at="2024-03-12T17:56:41 IST" name="daata" data-provider="data" finished-at="2024-03-12T17:56:41 IST" duration-ms="2" status="PASS">
          <params>
            <param index="0">
              <value>
                <![CDATA[user2]]>
              </value>
            </param>
            <param index="1">
              <value>
                <![CDATA[passw2]]>
              </value>
            </param>
          </params>
          <reporter-output>
          </reporter-output>
        </test-method> <!-- daata -->
        <test-method signature="daata(java.lang.String,java.lang.String)[pri:0, instance:testng.Basic2@3c46e67a]" started-at="2024-03-12T17:56:41 IST" name="daata" data-provider="data" finished-at="2024-03-12T17:56:41 IST" duration-ms="2" status="PASS">
          <params>
            <param index="0">
              <value>
                <![CDATA[user3]]>
              </value>
            </param>
            <param index="1">
              <value>
                <![CDATA[passw3]]>
              </value>
            </param>
          </params>
          <reporter-output>
          </reporter-output>
        </test-method> <!-- daata -->
        <test-method signature="test14(java.lang.String,java.lang.String)[pri:0, instance:testng.Basic2@3c46e67a]" started-at="2024-03-12T17:56:41 IST" name="test14" finished-at="2024-03-12T17:56:41 IST" duration-ms="2" status="PASS">
          <params>
            <param index="0">
              <value>
                <![CDATA[xxxx]]>
              </value>
            </param>
            <param index="1">
              <value>
                <![CDATA[yyyy]]>
              </value>
            </param>
          </params>
          <reporter-output>
          </reporter-output>
        </test-method> <!-- test14 -->
        <test-method signature="fail()[pri:0, instance:testng.Basic2@3c46e67a]" started-at="2024-03-12T17:56:41 IST" name="fail" finished-at="2024-03-12T17:56:41 IST" duration-ms="22" status="FAIL">
          <exception class="java.lang.AssertionError">
            <message>
              <![CDATA[expected [true] but found [false]]]>
            </message>
            <full-stacktrace>
              <![CDATA[java.lang.AssertionError: expected [true] but found [false]
at org.testng.Assert.fail(Assert.java:111)
at org.testng.Assert.failNotEquals(Assert.java:1578)
at org.testng.Assert.assertTrue(Assert.java:57)
at org.testng.Assert.assertTrue(Assert.java:67)
at testng.Basic2.fail(Basic2.java:37)
at java.base/jdk.internal.reflect.DirectMethodHandleAccessor.invoke(DirectMethodHandleAccessor.java:104)
at java.base/java.lang.reflect.Method.invoke(Method.java:577)
at org.testng.internal.invokers.MethodInvocationHelper.invokeMethod(MethodInvocationHelper.java:139)
at org.testng.internal.invokers.TestInvoker.invokeMethod(TestInvoker.java:664)
at org.testng.internal.invokers.TestInvoker.invokeTestMethod(TestInvoker.java:227)
at org.testng.internal.invokers.MethodRunner.runInSequence(MethodRunner.java:50)
at org.testng.internal.invokers.TestInvoker$MethodInvocationAgent.invoke(TestInvoker.java:957)
at org.testng.internal.invokers.TestInvoker.invokeTestMethods(TestInvoker.java:200)
at org.testng.internal.invokers.TestMethodWorker.invokeTestMethods(TestMethodWorker.java:148)
at org.testng.internal.invokers.TestMethodWorker.run(TestMethodWorker.java:128)
at java.base/java.util.ArrayList.forEach(ArrayList.java:1511)
at org.testng.TestRunner.privateRun(TestRunner.java:848)
at org.testng.TestRunner.run(TestRunner.java:621)
at org.testng.SuiteRunner.runTest(SuiteRunner.java:443)
at org.testng.SuiteRunner$SuiteWorker.run(SuiteRunner.java:481)
at org.testng.internal.thread.ThreadUtil.lambda$execute$0(ThreadUtil.java:58)
at java.base/java.util.concurrent.FutureTask.run(FutureTask.java:264)
at java.base/java.util.concurrent.ThreadPoolExecutor.runWorker(ThreadPoolExecutor.java:1136)
at java.base/java.util.concurrent.ThreadPoolExecutor$Worker.run(ThreadPoolExecutor.java:635)
at java.base/java.lang.Thread.run(Thread.java:833)
]]>
            </full-stacktrace>
          </exception> <!-- java.lang.AssertionError -->
          <reporter-output>
          </reporter-output>
        </test-method> <!-- fail -->
        <test-method signature="test15()[pri:0, instance:testng.Basic2@3c46e67a]" started-at="2024-03-12T17:56:41 IST" name="test15" finished-at="2024-03-12T17:56:41 IST" duration-ms="6" status="PASS">
          <reporter-output>
          </reporter-output>
        </test-method> <!-- test15 -->
        <test-method signature="test13()[pri:0, instance:testng.Basic2@3c46e67a]" started-at="2024-03-12T17:56:41 IST" name="test13" finished-at="2024-03-12T17:56:41 IST" depends-on-methods="testng.Basic2.test14" duration-ms="2" status="PASS">
          <reporter-output>
          </reporter-output>
        </test-method> <!-- test13 -->
      </class> <!-- testng.Basic2 -->
    </test> <!-- Test2 -->
  </suite> <!-- Suite -->
</testng-results>
